2023-06-05 17:14:10,219 INFO o.a.j.u.JMeterUtils: Setting Locale to en_PH
2023-06-05 17:14:10,240 INFO o.a.j.JMeter: Loading user properties from: user.properties
2023-06-05 17:14:10,241 INFO o.a.j.JMeter: Loading system properties from: system.properties
2023-06-05 17:14:10,241 INFO o.a.j.JMeter: Setting System property: sun.net.http.allowRestrictedHeaders=true
2023-06-05 17:14:10,249 INFO o.a.j.JMeter: Copyright (c) 1998-2021 The Apache Software Foundation
2023-06-05 17:14:10,250 INFO o.a.j.JMeter: Version 5.4.1
2023-06-05 17:14:10,250 INFO o.a.j.JMeter: java.version=17.0.7
2023-06-05 17:14:10,250 INFO o.a.j.JMeter: java.vm.name=Java HotSpot(TM) 64-Bit Server VM
2023-06-05 17:14:10,250 INFO o.a.j.JMeter: os.name=Windows 10
2023-06-05 17:14:10,250 INFO o.a.j.JMeter: os.arch=amd64
2023-06-05 17:14:10,250 INFO o.a.j.JMeter: os.version=10.0
2023-06-05 17:14:10,250 INFO o.a.j.JMeter: file.encoding=Cp1252
2023-06-05 17:14:10,250 INFO o.a.j.JMeter: java.awt.headless=true
2023-06-05 17:14:10,250 INFO o.a.j.JMeter: Max memory     =536870912
2023-06-05 17:14:10,250 INFO o.a.j.JMeter: Available Processors =8
2023-06-05 17:14:10,259 INFO o.a.j.JMeter: Default Locale=English (Philippines)
2023-06-05 17:14:10,260 INFO o.a.j.JMeter: JMeter  Locale=English (Philippines)
2023-06-05 17:14:10,260 INFO o.a.j.JMeter: JMeterHome=C:\Users\Noyi\AppData\Local\Jenkins\.jenkins\workspace\jmeter_w_jenkins\target\ab27be34-d267-40a5-8377-961441df0fd2\jmeter
2023-06-05 17:14:10,260 INFO o.a.j.JMeter: user.dir  =C:\Users\Noyi\AppData\Local\Jenkins\.jenkins\workspace\jmeter_w_jenkins\target\ab27be34-d267-40a5-8377-961441df0fd2\jmeter\bin
2023-06-05 17:14:10,260 INFO o.a.j.JMeter: PWD       =C:\Users\Noyi\AppData\Local\Jenkins\.jenkins\workspace\jmeter_w_jenkins\target\ab27be34-d267-40a5-8377-961441df0fd2\jmeter\bin
2023-06-05 17:14:10,262 INFO o.a.j.JMeter: IP: 10.51.201.89 Name: LAPTOP-55KMO14T FullName: LAPTOP-55KMO14T
2023-06-05 17:14:10,268 INFO o.a.j.s.FileServer: Default base='C:\Users\Noyi\AppData\Local\Jenkins\.jenkins\workspace\jmeter_w_jenkins\target\ab27be34-d267-40a5-8377-961441df0fd2\jmeter\bin'
2023-06-05 17:14:10,269 INFO o.a.j.s.FileServer: Set new base='C:\Users\Noyi\AppData\Local\Jenkins\.jenkins\workspace\jmeter_w_jenkins\target\jmeter\testFiles'
2023-06-05 17:14:10,450 INFO o.a.j.s.SaveService: Testplan (JMX) version: 2.2. Testlog (JTL) version: 2.2
2023-06-05 17:14:10,471 INFO o.a.j.s.SaveService: Using SaveService properties version 5.0
2023-06-05 17:14:10,474 INFO o.a.j.s.SaveService: Using SaveService properties file encoding UTF-8
2023-06-05 17:14:10,476 INFO o.a.j.s.SaveService: Loading file: C:\Users\Noyi\AppData\Local\Jenkins\.jenkins\workspace\jmeter_w_jenkins\target\jmeter\testFiles\jmetermavenjenkins.jmx
2023-06-05 17:14:10,517 INFO o.a.j.JMeter: Creating summariser <summary>
2023-06-05 17:14:10,526 INFO o.a.j.e.StandardJMeterEngine: Running the test!
2023-06-05 17:14:10,526 INFO o.a.j.s.SampleEvent: List of sample_variables: []
2023-06-05 17:14:10,526 INFO o.a.j.s.SampleEvent: List of sample_variables: []
2023-06-05 17:14:10,533 INFO o.a.j.e.u.CompoundVariable: Note: Function class names must contain the string: '.functions.'
2023-06-05 17:14:10,533 INFO o.a.j.e.u.CompoundVariable: Note: Function class names must not contain the string: '.gui.'
2023-06-05 17:14:10,590 INFO o.a.j.JMeter: Running test (1685999650590)
2023-06-05 17:14:10,606 INFO o.a.j.e.StandardJMeterEngine: Starting ThreadGroup: 1 : Thread Group
2023-06-05 17:14:10,607 INFO o.a.j.e.StandardJMeterEngine: Starting 1 threads for group Thread Group.
2023-06-05 17:14:10,607 INFO o.a.j.e.StandardJMeterEngine: Thread will continue on error
2023-06-05 17:14:10,607 INFO o.a.j.t.ThreadGroup: Starting thread group... number=1 threads=1 ramp-up=1 delayedStart=false
2023-06-05 17:14:10,613 INFO o.a.j.t.ThreadGroup: Started thread group number 1
2023-06-05 17:14:10,613 INFO o.a.j.e.StandardJMeterEngine: All thread groups have been started
2023-06-05 17:14:10,614 INFO o.a.j.t.JMeterThread: Thread started: Thread Group 1-1
2023-06-05 17:14:10,615 INFO o.a.j.t.JMeterThread: Thread is done: Thread Group 1-1
2023-06-05 17:14:10,615 INFO o.a.j.t.JMeterThread: Thread finished: Thread Group 1-1
2023-06-05 17:14:10,615 INFO o.a.j.e.StandardJMeterEngine: Notifying test listeners of end of test
2023-06-05 17:14:10,616 INFO o.a.j.r.Summariser: summary =      0 in 00:00:00 = ******/s Avg:     0 Min: 9223372036854775807 Max: -9223372036854775808 Err:     0 (0.00%)
